<?xml version="1.0" encoding="UTF-8"?>
<testng-results skipped="0" failed="0" ignored="0" total="2" passed="2">
  <reporter-output>
  </reporter-output>
  <suite name="Suite" duration-ms="108" started-at="2020-02-01T01:32:29 IST" finished-at="2020-02-01T01:32:29 IST">
    <groups>
    </groups>
    <test name="Test" duration-ms="108" started-at="2020-02-01T01:32:29 IST" finished-at="2020-02-01T01:32:29 IST">
      <class name="qaclickacademy.AppiumTest">
        <test-method status="PASS" signature="SecondTest1()[pri:0, instance:qaclickacademy.AppiumTest@6eebc39e]" name="SecondTest1" duration-ms="4" started-at="2020-02-01T01:32:29 IST" finished-at="2020-02-01T01:32:29 IST">
          <reporter-output>
          </reporter-output>
        </test-method> <!-- SecondTest1 -->
        <test-method status="PASS" signature="SecondTest2()[pri:0, instance:qaclickacademy.AppiumTest@6eebc39e]" name="SecondTest2" duration-ms="1" started-at="2020-02-01T01:32:29 IST" finished-at="2020-02-01T01:32:29 IST">
          <reporter-output>
          </reporter-output>
        </test-method> <!-- SecondTest2 -->
      </class> <!-- qaclickacademy.AppiumTest -->
    </test> <!-- Test -->
  </suite> <!-- Suite -->
</testng-results>
